Using pre-set license
Built from '2020.2/release' branch; Version is '2020.2.1f1 (270dd8c3da1c) revision 2559448'; Using compiler version '192528614'; Build Type 'Release'
OS: 'Windows 10  (10.0.0) 64bit' Language: 'en' Physical Memory: 16312 MB
BatchMode: 1, IsHumanControllingUs: 0, StartBugReporterOnCrash: 0, Is64bit: 1, IsPro: 0

 COMMAND LINE ARGUMENTS:
C:\Program Files\Unity\Hub\Editor\2020.2.1f1\Editor\Unity.exe
-adb2
-batchMode
-noUpm
-name
AssetImportWorker0
-projectPath
C:/Users/e0543721/Desktop/personal/labs/asgn1
-logFile
Logs/AssetImportWorker0.log
-srvPort
56334
Successfully changed project path to: C:/Users/e0543721/Desktop/personal/labs/asgn1
C:/Users/e0543721/Desktop/personal/labs/asgn1
Using Asset Import Pipeline V2.
Refreshing native plugins compatible for Editor in 30.99 ms, found 0 plugins.
Preloading 0 native plugins for Editor in 0.00 ms.
Initialize engine version: 2020.2.1f1 (270dd8c3da1c)
[Subsystems] Discovering subsystems at path C:/Program Files/Unity/Hub/Editor/2020.2.1f1/Editor/Data/Resources/UnitySubsystems
[Subsystems] Discovering subsystems at path C:/Users/e0543721/Desktop/personal/labs/asgn1/Assets
GfxDevice: creating device client; threaded=0
Direct3D:
    Version:  Direct3D 11.0 [level 11.1]
    Renderer: NVIDIA GeForce RTX 2060 SUPER (ID=0x1f06)
    Vendor:   
    VRAM:     8031 MB
    Driver:   27.21.14.5671
Initialize mono
Mono path[0] = 'C:/Program Files/Unity/Hub/Editor/2020.2.1f1/Editor/Data/Managed'
Mono path[1] = 'C:/Program Files/Unity/Hub/Editor/2020.2.1f1/Editor/Data/MonoBleedingEdge/lib/mono/unityjit'
Mono config path = 'C:/Program Files/Unity/Hub/Editor/2020.2.1f1/Editor/Data/MonoBleedingEdge/etc'
Using monoOptions --debugger-agent=transport=dt_socket,embedding=1,server=y,suspend=n,address=127.0.0.1:56592
Begin MonoManager ReloadAssembly
Registering precompiled unity dll's ...
Register platform support module: C:/Program Files/Unity/Hub/Editor/2020.2.1f1/Editor/Data/PlaybackEngines/WindowsStandaloneSupport/UnityEditor.WindowsStandalone.Extensions.dll
Registered in 0.002504 seconds.
Native extension for WindowsStandalone target not found
Refreshing native plugins compatible for Editor in 31.36 ms, found 0 plugins.
Preloading 0 native plugins for Editor in 0.00 ms.
Invoked RoslynAnalysisRunner static constructor.
RoslynAnalysisRunner will not be running.
RoslynAnalysisRunner has terminated.
Mono: successfully reloaded assembly
- Completed reload, in  1.850 seconds
Platform modules already initialized, skipping
Registering precompiled user dll's ...
Registered in 0.001385 seconds.
Begin MonoManager ReloadAssembly
Native extension for WindowsStandalone target not found
Refreshing native plugins compatible for Editor in 31.68 ms, found 0 plugins.
Preloading 0 native plugins for Editor in 0.00 ms.
Invoked RoslynAnalysisRunner static constructor.
RoslynAnalysisRunner will not be running.
RoslynAnalysisRunner has terminated.
Mono: successfully reloaded assembly
- Completed reload, in  1.111 seconds
Platform modules already initialized, skipping
========================================================================
Worker process is ready to serve import requests
Launched and connected shader compiler UnityShaderCompiler.exe after 0.09 seconds
Refreshing native plugins compatible for Editor in 0.34 ms, found 0 plugins.
Preloading 0 native plugins for Editor in 0.00 ms.
Unloading 1835 Unused Serialized files (Serialized files now loaded: 0)
System memory in use before: 112.5 MB.
System memory in use after: 112.4 MB.

Unloading 23 unused Assets to reduce memory usage. Loaded Objects now: 2317.
Total: 2.720700 ms (FindLiveObjects: 0.524000 ms CreateObjectMapping: 0.128500 ms MarkObjects: 1.623800 ms  DeleteObjects: 0.443000 ms)

========================================================================
Received Import Request.
  path: Assets/D_Prefabs/Fire.prefab
  artifactKey: Guid(f903b911fe2a2ef488cb5dad16fea6ac) Importer(815301076,1909f56bfc062723c751e8b465ee728b)
Start importing Assets/D_Prefabs/Fire.prefab using Guid(f903b911fe2a2ef488cb5dad16fea6ac) Importer(815301076,1909f56bfc062723c751e8b465ee728b)  -> (artifact id: '5af61b0a6cc4f47964402e60c4c20aad') in 0.190336 seconds
  Import took 0.194640 seconds .

========================================================================
Received Import Request.
  Time since last request: 0.000309 seconds.
  path: Assets/V_VRoid Model
  artifactKey: Guid(ae15c5c787a2e42078d4941e2ba27b06) Importer(815301076,1909f56bfc062723c751e8b465ee728b)
Start importing Assets/V_VRoid Model using Guid(ae15c5c787a2e42078d4941e2ba27b06) Importer(815301076,1909f56bfc062723c751e8b465ee728b)  -> (artifact id: 'ad87910e55a7da9cf84f6d6d4c3f0a6c') in 0.008566 seconds
  Import took 0.011855 seconds .

========================================================================
Received Import Request.
  Time since last request: 55.646628 seconds.
  path: Assets/D_Prefabs/FireStick.prefab
  artifactKey: Guid(f903b911fe2a2ef488cb5dad16fea6ac) Importer(815301076,1909f56bfc062723c751e8b465ee728b)
Start importing Assets/D_Prefabs/FireStick.prefab using Guid(f903b911fe2a2ef488cb5dad16fea6ac) Importer(815301076,1909f56bfc062723c751e8b465ee728b)  -> (artifact id: 'eb3063f3e18c142810d16865173820a0') in 0.065765 seconds
  Import took 0.069679 seconds .

========================================================================
Received Import Request.
  Time since last request: 61.059027 seconds.
  path: Assets/D_Prefabs/FireStick.prefab
  artifactKey: Guid(f903b911fe2a2ef488cb5dad16fea6ac) Importer(815301076,1909f56bfc062723c751e8b465ee728b)
Start importing Assets/D_Prefabs/FireStick.prefab using Guid(f903b911fe2a2ef488cb5dad16fea6ac) Importer(815301076,1909f56bfc062723c751e8b465ee728b)  -> (artifact id: '870e7ff35fc8a605528e188b4616f499') in 0.023301 seconds
  Import took 0.026616 seconds .

========================================================================
Received Import Request.
  Time since last request: 104.899528 seconds.
  path: Assets/D_Prefabs/FireStick.prefab
  artifactKey: Guid(f903b911fe2a2ef488cb5dad16fea6ac) Importer(815301076,1909f56bfc062723c751e8b465ee728b)
Start importing Assets/D_Prefabs/FireStick.prefab using Guid(f903b911fe2a2ef488cb5dad16fea6ac) Importer(815301076,1909f56bfc062723c751e8b465ee728b)  -> (artifact id: '23ff567cdb736fc32ca9513aba23fe36') in 0.025413 seconds
  Import took 0.028720 seconds .

========================================================================
Received Prepare
Registering precompiled user dll's ...
Registered in 0.001443 seconds.
Begin MonoManager ReloadAssembly
Native extension for WindowsStandalone target not found
Refreshing native plugins compatible for Editor in 0.31 ms, found 0 plugins.
Preloading 0 native plugins for Editor in 0.00 ms.
Invoked RoslynAnalysisRunner static constructor.
RoslynAnalysisRunner will not be running.
RoslynAnalysisRunner has terminated.
Mono: successfully reloaded assembly
- Completed reload, in  1.007 seconds
Platform modules already initialized, skipping
Refreshing native plugins compatible for Editor in 0.38 ms, found 0 plugins.
Preloading 0 native plugins for Editor in 0.00 ms.
Unloading 1781 Unused Serialized files (Serialized files now loaded: 0)
System memory in use before: 112.8 MB.
System memory in use after: 112.7 MB.

Unloading 8 unused Assets to reduce memory usage. Loaded Objects now: 2326.
Total: 1.598900 ms (FindLiveObjects: 0.190400 ms CreateObjectMapping: 0.071800 ms MarkObjects: 1.166500 ms  DeleteObjects: 0.169300 ms)

AssetImportWorkerClient::OnTransportError - code=2 error=End of file
