Using pre-set license

 COMMAND LINE ARGUMENTS:
/Applications/Unity/Hub/Editor/2020.2.1f1/Unity.app/Contents/MacOS/Unity
-adb2
-batchMode
-noUpm
-name
AssetImportWorker0
-projectPath
/Users/base/Desktop/y2s2/cs4240/labs/asgn1
-logFile
Logs/AssetImportWorker0.log
-srvPort
61979
Successfully changed project path to: /Users/base/Desktop/y2s2/cs4240/labs/asgn1
/Users/base/Desktop/y2s2/cs4240/labs/asgn1
Using Asset Import Pipeline V2.
Refreshing native plugins compatible for Editor in 62.92 ms, found 0 plugins.
Preloading 0 native plugins for Editor in 0.00 ms.
Initialize engine version: 2020.2.1f1 (270dd8c3da1c)
[Subsystems] Discovering subsystems at path /Applications/Unity/Hub/Editor/2020.2.1f1/Unity.app/Contents/Resources/UnitySubsystems
[Subsystems] Discovering subsystems at path /Users/base/Desktop/y2s2/cs4240/labs/asgn1/Assets
GfxDevice: creating device client; threaded=0
2022-01-31 01:33:40.018 Unity[52259:1801331] Color LCD preferred device: Intel HD Graphics 4000 (low power)
2022-01-31 01:33:40.018 Unity[52259:1801331] Metal devices available: 1
2022-01-31 01:33:40.018 Unity[52259:1801331] 0: Intel HD Graphics 4000 (low power)
2022-01-31 01:33:40.019 Unity[52259:1801331] Using device Intel HD Graphics 4000 (low power)
Initializing Metal device caps: Intel HD Graphics 4000
Initialize mono
Mono path[0] = '/Applications/Unity/Hub/Editor/2020.2.1f1/Unity.app/Contents/Managed'
Mono path[1] = '/Applications/Unity/Hub/Editor/2020.2.1f1/Unity.app/Contents/MonoBleedingEdge/lib/mono/unityjit'
Mono config path = '/Applications/Unity/Hub/Editor/2020.2.1f1/Unity.app/Contents/MonoBleedingEdge/etc'
Using monoOptions --debugger-agent=transport=dt_socket,embedding=1,server=y,suspend=n,address=127.0.0.1:56259
Begin MonoManager ReloadAssembly
Registering precompiled unity dll's ...
Register platform support module: /Applications/Unity/Hub/Editor/2020.2.1f1/Unity.app/Contents/PlaybackEngines/MacStandaloneSupport/UnityEditor.OSXStandalone.Extensions.dll
Registered in 0.000812 seconds.
Native extension for OSXStandalone target not found
Refreshing native plugins compatible for Editor in 61.37 ms, found 0 plugins.
Preloading 0 native plugins for Editor in 0.00 ms.
Invoked RoslynAnalysisRunner static constructor.
RoslynAnalysisRunner will not be running.
RoslynAnalysisRunner has terminated.
Mono: successfully reloaded assembly
- Completed reload, in  2.345 seconds
Platform modules already initialized, skipping
Registering precompiled user dll's ...
Registered in 0.001094 seconds.
Begin MonoManager ReloadAssembly
Native extension for OSXStandalone target not found
Refreshing native plugins compatible for Editor in 106.00 ms, found 0 plugins.
Preloading 0 native plugins for Editor in 0.00 ms.
Invoked RoslynAnalysisRunner static constructor.
RoslynAnalysisRunner will not be running.
RoslynAnalysisRunner has terminated.
Mono: successfully reloaded assembly
- Completed reload, in  2.213 seconds
Platform modules already initialized, skipping
========================================================================
Worker process is ready to serve import requests
Launching external process: /Applications/Unity/Hub/Editor/2020.2.1f1/Unity.app/Contents/Tools/UnityShaderCompiler
Launched and connected shader compiler UnityShaderCompiler after 0.02 seconds
Refreshing native plugins compatible for Editor in 0.49 ms, found 0 plugins.
Preloading 0 native plugins for Editor in 0.00 ms.
Unloading 1938 Unused Serialized files (Serialized files now loaded: 0)
System memory in use before: 199.4 MB.
System memory in use after: 199.3 MB.

Unloading 22 unused Assets to reduce memory usage. Loaded Objects now: 2420.
Total: 3.702032 ms (FindLiveObjects: 0.437075 ms CreateObjectMapping: 0.134650 ms MarkObjects: 2.693438 ms  DeleteObjects: 0.434009 ms)

========================================================================
Received Import Request.
  path: Assets/B_Scripts
  artifactKey: Guid(0e31bb9fbfdbc47edbf0843ae0176924) Importer(815301076,1909f56bfc062723c751e8b465ee728b)
Start importing Assets/B_Scripts using Guid(0e31bb9fbfdbc47edbf0843ae0176924) Importer(815301076,1909f56bfc062723c751e8b465ee728b)  -> (artifact id: '01e2019d6780b68d0db2962be2f2b0d3') in 0.006992 seconds
  Import took 0.012408 seconds .

========================================================================
Received Import Request.
  Time since last request: 0.000349 seconds.
  path: Assets/C_Materials
  artifactKey: Guid(3ef7fedadab47422780fa6a90b4cc598) Importer(815301076,1909f56bfc062723c751e8b465ee728b)
Start importing Assets/C_Materials using Guid(3ef7fedadab47422780fa6a90b4cc598) Importer(815301076,1909f56bfc062723c751e8b465ee728b)  -> (artifact id: '0af62dd3a8df6732263f7de56a844c3f') in 0.002322 seconds
  Import took 0.006414 seconds .

========================================================================
Received Import Request.
  Time since last request: 9.820624 seconds.
  path: Assets/C_Materials/reticle.png
  artifactKey: Guid(da93b0d356d884c90a38bb269e34c6e9) Importer(815301076,1909f56bfc062723c751e8b465ee728b)
Start importing Assets/C_Materials/reticle.png using Guid(da93b0d356d884c90a38bb269e34c6e9) Importer(815301076,1909f56bfc062723c751e8b465ee728b)  -> (artifact id: 'c184eba51d8bbb0d0142327cceadaae4') in 3.084507 seconds
  Import took 3.092047 seconds .

========================================================================
Received Import Request.
  Time since last request: 0.002273 seconds.
  path: Assets/C_Materials/reticle.png
  artifactKey: Guid(da93b0d356d884c90a38bb269e34c6e9) Importer(815301076,1909f56bfc062723c751e8b465ee728b)
Start importing Assets/C_Materials/reticle.png using Guid(da93b0d356d884c90a38bb269e34c6e9) Importer(815301076,1909f56bfc062723c751e8b465ee728b)  -> (artifact id: 'c184eba51d8bbb0d0142327cceadaae4') in 0.008517 seconds
  Import took 0.013553 seconds .

========================================================================
Received Import Request.
  Time since last request: 35.809245 seconds.
  path: Assets/C_Materials/reticle.png
  artifactKey: Guid(da93b0d356d884c90a38bb269e34c6e9) Importer(815301076,1909f56bfc062723c751e8b465ee728b)
Start importing Assets/C_Materials/reticle.png using Guid(da93b0d356d884c90a38bb269e34c6e9) Importer(815301076,1909f56bfc062723c751e8b465ee728b)  -> (artifact id: '97e9cc777ef8c8fb5b46a8f0f4607263') in 0.116252 seconds
  Import took 0.121105 seconds .

========================================================================
Received Prepare
Registering precompiled user dll's ...
Registered in 0.000806 seconds.
Begin MonoManager ReloadAssembly
Native extension for OSXStandalone target not found
Refreshing native plugins compatible for Editor in 0.75 ms, found 0 plugins.
Preloading 0 native plugins for Editor in 0.00 ms.
Invoked RoslynAnalysisRunner static constructor.
RoslynAnalysisRunner will not be running.
RoslynAnalysisRunner has terminated.
Mono: successfully reloaded assembly
- Completed reload, in  2.021 seconds
Platform modules already initialized, skipping
Refreshing native plugins compatible for Editor in 0.71 ms, found 0 plugins.
Preloading 0 native plugins for Editor in 0.00 ms.
Unloading 1882 Unused Serialized files (Serialized files now loaded: 0)
System memory in use before: 205.0 MB.
System memory in use after: 204.9 MB.

Unloading 8 unused Assets to reduce memory usage. Loaded Objects now: 2429.
Total: 2.907701 ms (FindLiveObjects: 0.283299 ms CreateObjectMapping: 0.077939 ms MarkObjects: 2.245749 ms  DeleteObjects: 0.298251 ms)

========================================================================
Received Import Request.
  Time since last request: 357.545029 seconds.
  path: Assets/V_VRoid Model/VRM/A_Models/izumisan/Izumiさん off-shoulder for unity.Meshes/Body (merged).baked.asset
  artifactKey: Guid(aa4dac8acf1584705bf8e30d4d78a119) Importer(815301076,1909f56bfc062723c751e8b465ee728b)
Start importing Assets/V_VRoid Model/VRM/A_Models/izumisan/Izumiさん off-shoulder for unity.Meshes/Body (merged).baked.asset using Guid(aa4dac8acf1584705bf8e30d4d78a119) Importer(815301076,1909f56bfc062723c751e8b465ee728b)  -> (artifact id: 'c3aa1fdc62dc4d87ce679c40ce3ff331') in 0.495820 seconds
  Import took 0.500956 seconds .

========================================================================
Received Import Request.
  Time since last request: 0.000341 seconds.
  path: Assets/E_Store/Standard Assets/Environment/SpeedTree/Broadleaf/Broadleaf_Desktop.spm
  artifactKey: Guid(c91c1eb85782d5748ace27eb4d7415bb) Importer(815301076,1909f56bfc062723c751e8b465ee728b)
Start importing Assets/E_Store/Standard Assets/Environment/SpeedTree/Broadleaf/Broadleaf_Desktop.spm using Guid(c91c1eb85782d5748ace27eb4d7415bb) Importer(815301076,1909f56bfc062723c751e8b465ee728b)  -> (artifact id: 'f27eb0a3696c0060a6df853a9042e4ba') in 2.293303 seconds
  Import took 2.298495 seconds .

========================================================================
Received Import Request.
  Time since last request: 0.000377 seconds.
  path: Assets/E_Store/Shed Bridge Tools and Fences/FreshModels/_Bridge/_Bridge first part/First Part Bridge LOD 2.fbx
  artifactKey: Guid(add06ee81060c1545ade7dcb46bd187a) Importer(815301076,1909f56bfc062723c751e8b465ee728b)
Start importing Assets/E_Store/Shed Bridge Tools and Fences/FreshModels/_Bridge/_Bridge first part/First Part Bridge LOD 2.fbx using Guid(add06ee81060c1545ade7dcb46bd187a) Importer(815301076,1909f56bfc062723c751e8b465ee728b)  -> (artifact id: '02ccf7e809cf965cfd5a37f9df296000') in 0.416192 seconds
  Import took 0.423774 seconds .

========================================================================
Received Import Request.
  Time since last request: 0.000364 seconds.
  path: Assets/E_Store/Shed Bridge Tools and Fences/FreshModels/_Bridge/_Last Bridge Part/Last Bridge Part LOD 1.fbx
  artifactKey: Guid(fe7163aa82070fc4b87bb10c83a651af) Importer(815301076,1909f56bfc062723c751e8b465ee728b)
Start importing Assets/E_Store/Shed Bridge Tools and Fences/FreshModels/_Bridge/_Last Bridge Part/Last Bridge Part LOD 1.fbx using Guid(fe7163aa82070fc4b87bb10c83a651af) Importer(815301076,1909f56bfc062723c751e8b465ee728b)  -> (artifact id: '4035bca37da7bcb8c9d639e1c5ca2145') in 0.164213 seconds
  Import took 0.170899 seconds .

========================================================================
Received Import Request.
  Time since last request: 0.000331 seconds.
  path: Assets/E_Store/Shed Bridge Tools and Fences/FreshModels/_Bridge/_Bridge Part/Bridge Part LOD 1.fbx
  artifactKey: Guid(a753de0bfd95fb945905768c01ca0b41) Importer(815301076,1909f56bfc062723c751e8b465ee728b)
Start importing Assets/E_Store/Shed Bridge Tools and Fences/FreshModels/_Bridge/_Bridge Part/Bridge Part LOD 1.fbx using Guid(a753de0bfd95fb945905768c01ca0b41) Importer(815301076,1909f56bfc062723c751e8b465ee728b)  -> (artifact id: '89e53e338bb2e5a6a68fe26f5280da70') in 0.169962 seconds
  Import took 0.175506 seconds .

========================================================================
Received Import Request.
  Time since last request: 0.000333 seconds.
  path: Assets/E_Store/Shed Bridge Tools and Fences/FreshModels/_Bridge/_Bridge Part/Bridge Part LOD 3.fbx
  artifactKey: Guid(b39d909098acdc6438b3fd6c0c4a27c4) Importer(815301076,1909f56bfc062723c751e8b465ee728b)
Start importing Assets/E_Store/Shed Bridge Tools and Fences/FreshModels/_Bridge/_Bridge Part/Bridge Part LOD 3.fbx using Guid(b39d909098acdc6438b3fd6c0c4a27c4) Importer(815301076,1909f56bfc062723c751e8b465ee728b)  -> (artifact id: '5efea411b4bf320137e6aee584d4491f') in 0.115731 seconds
  Import took 0.120718 seconds .

========================================================================
Received Import Request.
  Time since last request: 0.000347 seconds.
  path: Assets/E_Store/Shed Bridge Tools and Fences/FreshModels/_Bridge/_Bridge Part/Bridge Part LOD 2.fbx
  artifactKey: Guid(eca1804372c33cc4a8b7856bee80d1e4) Importer(815301076,1909f56bfc062723c751e8b465ee728b)
Start importing Assets/E_Store/Shed Bridge Tools and Fences/FreshModels/_Bridge/_Bridge Part/Bridge Part LOD 2.fbx using Guid(eca1804372c33cc4a8b7856bee80d1e4) Importer(815301076,1909f56bfc062723c751e8b465ee728b)  -> (artifact id: 'b6063685784dce9ed4fd2ea5302ecac7') in 0.136684 seconds
  Import took 0.142611 seconds .

========================================================================
Received Import Request.
  Time since last request: 0.000296 seconds.
  path: Assets/E_Store/Shed Bridge Tools and Fences/FreshModels/_Bridge/_Bridge first part/First Part Bridge LOD 3.fbx
  artifactKey: Guid(5352a73505a82494bac1f8ff98debe04) Importer(815301076,1909f56bfc062723c751e8b465ee728b)
Start importing Assets/E_Store/Shed Bridge Tools and Fences/FreshModels/_Bridge/_Bridge first part/First Part Bridge LOD 3.fbx using Guid(5352a73505a82494bac1f8ff98debe04) Importer(815301076,1909f56bfc062723c751e8b465ee728b)  -> (artifact id: '5393d3541a62a5a5721266a455432d7c') in 0.149159 seconds
  Import took 0.155977 seconds .

========================================================================
Received Import Request.
  Time since last request: 0.000346 seconds.
  path: Assets/E_Store/Shed Bridge Tools and Fences/FreshModels/_Bridge/_Last Bridge Part/Last Bridge Part LOD 3.fbx
  artifactKey: Guid(00b6a168c14fc7047b693d9a351e3e07) Importer(815301076,1909f56bfc062723c751e8b465ee728b)
Start importing Assets/E_Store/Shed Bridge Tools and Fences/FreshModels/_Bridge/_Last Bridge Part/Last Bridge Part LOD 3.fbx using Guid(00b6a168c14fc7047b693d9a351e3e07) Importer(815301076,1909f56bfc062723c751e8b465ee728b)  -> (artifact id: 'c5f34e5838b66062ed7895f1d31435b4') in 0.123313 seconds
  Import took 0.129125 seconds .

========================================================================
Received Import Request.
  Time since last request: 0.000897 seconds.
  path: Assets/E_Store/Shed Bridge Tools and Fences/FreshModels/_Bridge/_Last Bridge Part/Last Bridge Part LOD 2.fbx
  artifactKey: Guid(3f70f13a3e259324d94eaecb76298755) Importer(815301076,1909f56bfc062723c751e8b465ee728b)
Start importing Assets/E_Store/Shed Bridge Tools and Fences/FreshModels/_Bridge/_Last Bridge Part/Last Bridge Part LOD 2.fbx using Guid(3f70f13a3e259324d94eaecb76298755) Importer(815301076,1909f56bfc062723c751e8b465ee728b)  -> (artifact id: 'd55d87739bd1ab4ce636e530c7e9a47c') in 0.135778 seconds
  Import took 0.141989 seconds .

========================================================================
Received Import Request.
  Time since last request: 0.000353 seconds.
  path: Assets/E_Store/Shed Bridge Tools and Fences/FreshModels/_Bridge/_Bridge first part/First Part Bridge LOD 1.fbx
  artifactKey: Guid(33ecff6e16ce3fc41ba433791852845a) Importer(815301076,1909f56bfc062723c751e8b465ee728b)
Start importing Assets/E_Store/Shed Bridge Tools and Fences/FreshModels/_Bridge/_Bridge first part/First Part Bridge LOD 1.fbx using Guid(33ecff6e16ce3fc41ba433791852845a) Importer(815301076,1909f56bfc062723c751e8b465ee728b)  -> (artifact id: '6b4824576af8e87ac8b9925d6b16f28b') in 0.157590 seconds
  Import took 0.164813 seconds .

========================================================================
Received Import Request.
  Time since last request: 92.802851 seconds.
  path: Assets/V_VRoid Model/VRM/A_Models/izumisan/Izumiさん off-shoulder for unity.Materials
  artifactKey: Guid(cae267119f6ac43cfb5ac0418f401b95) Importer(815301076,1909f56bfc062723c751e8b465ee728b)
Start importing Assets/V_VRoid Model/VRM/A_Models/izumisan/Izumiさん off-shoulder for unity.Materials using Guid(cae267119f6ac43cfb5ac0418f401b95) Importer(815301076,1909f56bfc062723c751e8b465ee728b)  -> (artifact id: '87f6497f4800c4b080e9d9890f08c973') in 0.006592 seconds
  Import took 0.011095 seconds .

========================================================================
Received Import Request.
  Time since last request: 0.000456 seconds.
  path: Assets/V_VRoid Model/VRM/A_Models/izumisan/Izumiさん off-shoulder for unity.Materials
  artifactKey: Guid(cae267119f6ac43cfb5ac0418f401b95) Importer(815301076,1909f56bfc062723c751e8b465ee728b)
Start importing Assets/V_VRoid Model/VRM/A_Models/izumisan/Izumiさん off-shoulder for unity.Materials using Guid(cae267119f6ac43cfb5ac0418f401b95) Importer(815301076,1909f56bfc062723c751e8b465ee728b)  -> (artifact id: '87f6497f4800c4b080e9d9890f08c973') in 0.002625 seconds
  Import took 0.008176 seconds .

========================================================================
Received Import Request.
  Time since last request: 166.863251 seconds.
  path: Assets/V_VRoid Model/VRM/A_Models/izumisan/Izumiさん off-shoulder for unity.prefab
  artifactKey: Guid(fc02afdd1564b4f3084c828b0b8b6d71) Importer(815301076,1909f56bfc062723c751e8b465ee728b)
Start importing Assets/V_VRoid Model/VRM/A_Models/izumisan/Izumiさん off-shoulder for unity.prefab using Guid(fc02afdd1564b4f3084c828b0b8b6d71) Importer(815301076,1909f56bfc062723c751e8b465ee728b)  -> (artifact id: '20fcc2599c6e180756f916bc8ce239d7') in 0.550472 seconds
  Import took 0.557518 seconds .

========================================================================
Received Import Request.
  Time since last request: 137.010681 seconds.
  path: Assets/B_Scripts/HoldTorch.cs
  artifactKey: Guid(cfaeea250b5bcd74fa14d7433d401f3b) Importer(815301076,1909f56bfc062723c751e8b465ee728b)
Start importing Assets/B_Scripts/HoldTorch.cs using Guid(cfaeea250b5bcd74fa14d7433d401f3b) Importer(815301076,1909f56bfc062723c751e8b465ee728b)  -> (artifact id: 'c1f4eed3508f5beeb8d8191f6a890f9c') in 0.556535 seconds
  Import took 0.562285 seconds .

========================================================================
Received Import Request.
  Time since last request: 0.310614 seconds.
  path: Assets/B_Scripts/CameraControl.cs
  artifactKey: Guid(5d72a5784c8714a269a2898cbede33a9) Importer(815301076,1909f56bfc062723c751e8b465ee728b)
Start importing Assets/B_Scripts/CameraControl.cs using Guid(5d72a5784c8714a269a2898cbede33a9) Importer(815301076,1909f56bfc062723c751e8b465ee728b)  -> (artifact id: '2682714f7d110db13ac06e507ae09d46') in 0.009049 seconds
  Import took 0.013406 seconds .

========================================================================
Received Import Request.
  Time since last request: 0.036892 seconds.
  path: Assets/B_Scripts/CameraControl.cs
  artifactKey: Guid(5d72a5784c8714a269a2898cbede33a9) Importer(815301076,1909f56bfc062723c751e8b465ee728b)
Start importing Assets/B_Scripts/CameraControl.cs using Guid(5d72a5784c8714a269a2898cbede33a9) Importer(815301076,1909f56bfc062723c751e8b465ee728b)  -> (artifact id: '2682714f7d110db13ac06e507ae09d46') in 0.007550 seconds
  Import took 0.013471 seconds .

========================================================================
Received Import Request.
  Time since last request: 2.611587 seconds.
  path: Assets/B_Scripts/PlayerControl.cs
  artifactKey: Guid(c84aaff959fbd7f4fbbc5d28f0d98191) Importer(815301076,1909f56bfc062723c751e8b465ee728b)
Start importing Assets/B_Scripts/PlayerControl.cs using Guid(c84aaff959fbd7f4fbbc5d28f0d98191) Importer(815301076,1909f56bfc062723c751e8b465ee728b)  -> (artifact id: '22293f3936a18a6c5a23153eff6e997e') in 0.011180 seconds
  Import took 0.017619 seconds .

========================================================================
Received Prepare
Registering precompiled user dll's ...
Registered in 0.000996 seconds.
Begin MonoManager ReloadAssembly
Native extension for OSXStandalone target not found
Refreshing native plugins compatible for Editor in 0.81 ms, found 0 plugins.
Preloading 0 native plugins for Editor in 0.00 ms.
Invoked RoslynAnalysisRunner static constructor.
RoslynAnalysisRunner will not be running.
RoslynAnalysisRunner has terminated.
Mono: successfully reloaded assembly
- Completed reload, in  2.051 seconds
Platform modules already initialized, skipping
Refreshing native plugins compatible for Editor in 0.48 ms, found 0 plugins.
Preloading 0 native plugins for Editor in 0.00 ms.
Unloading 1882 Unused Serialized files (Serialized files now loaded: 0)
System memory in use before: 242.8 MB.
System memory in use after: 242.7 MB.

Unloading 9 unused Assets to reduce memory usage. Loaded Objects now: 2440.
Total: 3.557560 ms (FindLiveObjects: 0.463370 ms CreateObjectMapping: 0.105675 ms MarkObjects: 2.558926 ms  DeleteObjects: 0.426239 ms)

