Using pre-set license
Built from '2020.2/release' branch; Version is '2020.2.1f1 (270dd8c3da1c) revision 2559448'; Using compiler version '192528614'; Build Type 'Release'
OS: 'Windows 10  (10.0.0) 64bit' Language: 'en' Physical Memory: 16312 MB
BatchMode: 1, IsHumanControllingUs: 0, StartBugReporterOnCrash: 0, Is64bit: 1, IsPro: 0

 COMMAND LINE ARGUMENTS:
C:\Program Files\Unity\Hub\Editor\2020.2.1f1\Editor\Unity.exe
-adb2
-batchMode
-noUpm
-name
AssetImportWorker0
-projectPath
C:/Users/e0543721/Desktop/personal/labs/lab2/second lab
-logFile
Logs/AssetImportWorker0.log
-srvPort
60588
Successfully changed project path to: C:/Users/e0543721/Desktop/personal/labs/lab2/second lab
C:/Users/e0543721/Desktop/personal/labs/lab2/second lab
Using Asset Import Pipeline V2.
Refreshing native plugins compatible for Editor in 62.33 ms, found 2 plugins.
Preloading 0 native plugins for Editor in 0.00 ms.
Initialize engine version: 2020.2.1f1 (270dd8c3da1c)
[Subsystems] Discovering subsystems at path C:/Program Files/Unity/Hub/Editor/2020.2.1f1/Editor/Data/Resources/UnitySubsystems
[Subsystems] Discovering subsystems at path C:/Users/e0543721/Desktop/personal/labs/lab2/second lab/Assets
GfxDevice: creating device client; threaded=0
Direct3D:
    Version:  Direct3D 11.0 [level 11.1]
    Renderer: NVIDIA GeForce RTX 2060 SUPER (ID=0x1f06)
    Vendor:   
    VRAM:     8031 MB
    Driver:   27.21.14.5671
Initialize mono
Mono path[0] = 'C:/Program Files/Unity/Hub/Editor/2020.2.1f1/Editor/Data/Managed'
Mono path[1] = 'C:/Program Files/Unity/Hub/Editor/2020.2.1f1/Editor/Data/MonoBleedingEdge/lib/mono/unityjit'
Mono config path = 'C:/Program Files/Unity/Hub/Editor/2020.2.1f1/Editor/Data/MonoBleedingEdge/etc'
Using monoOptions --debugger-agent=transport=dt_socket,embedding=1,server=y,suspend=n,address=127.0.0.1:56504
Begin MonoManager ReloadAssembly
Registering precompiled unity dll's ...
Register platform support module: C:/Program Files/Unity/Hub/Editor/2020.2.1f1/Editor/Data/PlaybackEngines/WindowsStandaloneSupport/UnityEditor.WindowsStandalone.Extensions.dll
Registered in 0.002434 seconds.
Native extension for WindowsStandalone target not found
Refreshing native plugins compatible for Editor in 56.32 ms, found 2 plugins.
Preloading 0 native plugins for Editor in 0.00 ms.
Invoked RoslynAnalysisRunner static constructor.
RoslynAnalysisRunner will not be running.
RoslynAnalysisRunner has terminated.
Mono: successfully reloaded assembly
- Completed reload, in  1.798 seconds
Platform modules already initialized, skipping
Registering precompiled user dll's ...
Registered in 0.009883 seconds.
Begin MonoManager ReloadAssembly
Native extension for WindowsStandalone target not found
Refreshing native plugins compatible for Editor in 0.57 ms, found 2 plugins.
Preloading 0 native plugins for Editor in 0.00 ms.
Invoked RoslynAnalysisRunner static constructor.
RoslynAnalysisRunner will not be running.
RoslynAnalysisRunner has terminated.
Mono: successfully reloaded assembly
- Completed reload, in  1.022 seconds
Platform modules already initialized, skipping
========================================================================
Worker process is ready to serve import requests
Launched and connected shader compiler UnityShaderCompiler.exe after 0.09 seconds
Refreshing native plugins compatible for Editor in 0.89 ms, found 2 plugins.
Preloading 0 native plugins for Editor in 0.00 ms.
Unloading 3522 Unused Serialized files (Serialized files now loaded: 0)
System memory in use before: 158.7 MB.
System memory in use after: 158.9 MB.

Unloading 19 unused Assets to reduce memory usage. Loaded Objects now: 3968.
Total: 2.921800 ms (FindLiveObjects: 0.474500 ms CreateObjectMapping: 0.314600 ms MarkObjects: 2.064700 ms  DeleteObjects: 0.066100 ms)

========================================================================
Received Import Request.
  path: Packages/com.unity.render-pipelines.high-definition-config
  artifactKey: Guid(156eebb9cb53f0ecccf7334a1cd0ad65) Importer(815301076,1909f56bfc062723c751e8b465ee728b)
Start importing Packages/com.unity.render-pipelines.high-definition-config using Guid(156eebb9cb53f0ecccf7334a1cd0ad65) Importer(815301076,1909f56bfc062723c751e8b465ee728b)  -> (artifact id: 'eae42987da7046cf03eaf050bea69c5f') in 0.015747 seconds
  Import took 0.021267 seconds .

========================================================================
Received Import Request.
  Time since last request: 0.000240 seconds.
  path: Packages/com.unity.render-pipelines.high-definition
  artifactKey: Guid(c96549c612b4360b2d378ec54ca8cffe) Importer(815301076,1909f56bfc062723c751e8b465ee728b)
Start importing Packages/com.unity.render-pipelines.high-definition using Guid(c96549c612b4360b2d378ec54ca8cffe) Importer(815301076,1909f56bfc062723c751e8b465ee728b)  -> (artifact id: '05a90e1feb10a411b712b4421f01996e') in 0.011361 seconds
  Import took 0.017363 seconds .

========================================================================
Received Import Request.
  Time since last request: 0.000204 seconds.
  path: Packages/com.unity.nuget.newtonsoft-json
  artifactKey: Guid(7e7d2b05dd6ea119ce16861d56d99a82) Importer(815301076,1909f56bfc062723c751e8b465ee728b)
Start importing Packages/com.unity.nuget.newtonsoft-json using Guid(7e7d2b05dd6ea119ce16861d56d99a82) Importer(815301076,1909f56bfc062723c751e8b465ee728b)  -> (artifact id: '7451222af7ffa24ddaeab8568414d99d') in 0.012032 seconds
  Import took 0.018674 seconds .

========================================================================
Received Import Request.
  Time since last request: 36.413466 seconds.
  path: Packages/com.unity.services.core
  artifactKey: Guid(3c952e89bf6b2a98a63dad340d4211e2) Importer(815301076,1909f56bfc062723c751e8b465ee728b)
Start importing Packages/com.unity.services.core using Guid(3c952e89bf6b2a98a63dad340d4211e2) Importer(815301076,1909f56bfc062723c751e8b465ee728b)  -> (artifact id: '87235d2aa4e85e6f446d8d431fd814c3') in 0.010250 seconds
  Import took 0.015034 seconds .

========================================================================
Received Import Request.
  Time since last request: 404.241298 seconds.
  path: Assets/Scripts/CameraControl.cs
  artifactKey: Guid(5d72a5784c8714a269a2898cbede33a9) Importer(815301076,1909f56bfc062723c751e8b465ee728b)
Start importing Assets/Scripts/CameraControl.cs using Guid(5d72a5784c8714a269a2898cbede33a9) Importer(815301076,1909f56bfc062723c751e8b465ee728b)  -> (artifact id: '7220d313e68aa591cd3404a21846e827') in 0.048655 seconds
  Import took 0.054619 seconds .

AssetImportWorkerClient::OnTransportError - code=2 error=End of file
